<?xml version="1.0" encoding="UTF-8"?>
<!-- Generated by org.testng.reporters.JUnitReportReporter -->
<testsuite skipped="0" hostname="SAJIDs-MBP.fios-router.home" name="google.Tests.BasePageTest" tests="4" failures="0" timestamp="2021-06-11T05:36:08 EDT" time="3.129" errors="0">
  <testcase name="verifyHomePage" time="0.116" classname="google.Tests.BasePageTest"/>
  <system-out/>
  <testcase name="baseTest1" time="0.005" classname="google.Tests.BasePageTest"/>
  <system-out/>
  <testcase name="baseTest2" time="3.007" classname="google.Tests.BasePageTest"/>
  <system-out/>
  <testcase name="baseTest3" time="0.001" classname="google.Tests.BasePageTest"/>
  <system-out/>
</testsuite> <!-- google.Tests.BasePageTest -->
